<?xml version="1.0" encoding="UTF-8"?>
<testsuite xmlns:xsi="http://www.w3.org/2001/XMLSchema-instance" xsi:noNamespaceSchemaLocation="https://maven.apache.org/surefire/maven-surefire-plugin/xsd/surefire-test-report-3.0.xsd" version="3.0" name="ar.com.eduit.curso.java.web.colegio.ColegioApplicationTests" time="4.888" tests="1" errors="0" skipped="0" failures="0">
  <properties>
[...]
</properties>
  <testcase name="contextLoads" classname="ar.com.eduit.curso.java.web.colegio.ColegioApplicationTests" time="1.187">
    <system-out><![CDATA[10:41:43.676 [main] INFO org.springframework.test.context.support.AnnotationConfigContextLoaderUtils -- Could not detect default configuration classes for test class [ar.com.eduit.curso.java.web.colegio.ColegioApplicationTests]: ColegioApplicationTests does not declare any static, non-private, non-final, nested classes annotated with @Configuration.
10:41:43.884 [main] INFO org.springframework.boot.test.context.SpringBootTestContextBootstrapper -- Found @SpringBootConfiguration ar.com.eduit.curso.java.web.colegio.ColegioApplication for test class ar.com.eduit.curso.java.web.colegio.ColegioApplicationTests
10:41:44.092 [main] INFO org.springframework.boot.devtools.restart.RestartApplicationListener -- Restart disabled due to context in which it is running

  .   ____          _            __ _ _
 /\\ / ___'_ __ _ _(_)_ __  __ _ \ \ \ \
( ( )\___ | '_ | '_| | '_ \/ _` | \ \ \ \
 \\/  ___)| |_)| | | | | || (_| |  ) ) ) )
  '  |____| .__|_| |_|_| |_\__, | / / / /
 =========|_|==============|___/=/_/_/_/
 :: Spring Boot ::                (v3.1.5)

2023-12-23T10:41:44.584-03:00  INFO 7258 --- [           main] a.c.e.c.j.w.c.ColegioApplicationTests    : Starting ColegioApplicationTests using Java 17.0.9 with PID 7258 (started by carlos in /home/carlos/eclipse-workspace/JavaWPClase13)
2023-12-23T10:41:44.587-03:00  INFO 7258 --- [           main] a.c.e.c.j.w.c.ColegioApplicationTests    : No active profile set, falling back to 1 default profile: "default"
2023-12-23T10:41:47.009-03:00  INFO 7258 --- [           main] o.s.s.web.DefaultSecurityFilterChain     : Will secure any request with [org.springframework.security.web.session.DisableEncodeUrlFilter@6361b799, org.springframework.security.web.context.request.async.WebAsyncManagerIntegrationFilter@1b9d9a2b, org.springframework.security.web.context.SecurityContextHolderFilter@682abca7, org.springframework.security.web.header.HeaderWriterFilter@101ca8da, org.springframework.security.web.csrf.CsrfFilter@1860f3be, org.springframework.security.web.authentication.logout.LogoutFilter@36ab3814, org.springframework.security.web.authentication.UsernamePasswordAuthenticationFilter@4fb04a72, org.springframework.security.web.authentication.ui.DefaultLoginPageGeneratingFilter@d4df0e, org.springframework.security.web.authentication.ui.DefaultLogoutPageGeneratingFilter@d919544, org.springframework.security.web.authentication.www.BasicAuthenticationFilter@36f7d7b, org.springframework.security.web.savedrequest.RequestCacheAwareFilter@76f881d9, org.springframework.security.web.servletapi.SecurityContextHolderAwareRequestFilter@53c99b09, org.springframework.security.web.authentication.AnonymousAuthenticationFilter@17dad32f, org.springframework.security.web.access.ExceptionTranslationFilter@70721c12, org.springframework.security.web.access.intercept.AuthorizationFilter@5dcd0cdf]
2023-12-23T10:41:47.082-03:00  INFO 7258 --- [           main] a.c.e.c.j.w.c.ColegioApplicationTests    : Started ColegioApplicationTests in 3.006 seconds (process running for 4.976)
]]></system-out>
  </testcase>
</testsuite>